Clock: clk
Sources: wb_clk_i 
Generated: no
Virtual: yes
Propagated: no
Period: 25.000000

===========================================================================
report_clock_properties
============================================================================
Clock                   Period          Waveform
----------------------------------------------------
clk                  25.000000    0.000000 12.500000

===========================================================================
report_clock_latency
============================================================================
Clock clk
rise -> rise
    min     max
4.650000 5.570000 source latency
5.192729         network latency neuro_inst.synapse_matrix_inst.X1_inst/wb_clk_i
        6.256506 network latency _11787_/CLK
---------------
9.842730 11.826507 latency
        1.983777 skew

fall -> fall
    min     max
4.650000 5.570000 source latency
5.313947         network latency neuro_inst.synapse_matrix_inst.X1_inst/wb_clk_i
        6.371309 network latency _11787_/CLK
---------------
9.963946 11.941309 latency
        1.977362 skew



===========================================================================
report_clock_min_period
============================================================================
clk period_min = 6.47 fmax = 154.60
