Clock: clk
Sources: wb_clk_i 
Generated: no
Virtual: yes
Propagated: no
Period: 25.000000

===========================================================================
report_clock_properties
============================================================================
Clock                   Period          Waveform
----------------------------------------------------
clk                  25.000000    0.000000 12.500000

===========================================================================
report_clock_latency
============================================================================
Clock clk
rise -> rise
    min     max
4.650000 5.570000 source latency
5.237826         network latency neuro_inst.synapse_matrix_inst.X1_inst/wb_clk_i
        6.324698 network latency _11787_/CLK
---------------
9.887826 11.894698 latency
        2.006872 skew

fall -> fall
    min     max
4.650000 5.570000 source latency
5.357262         network latency neuro_inst.synapse_matrix_inst.X1_inst/wb_clk_i
        6.435420 network latency _11787_/CLK
---------------
10.007261 12.005419 latency
        1.998158 skew



===========================================================================
report_clock_min_period
============================================================================
clk period_min = 6.97 fmax = 143.50
