Clock: clk
Sources: wb_clk_i 
Generated: no
Virtual: yes
Propagated: no
Period: 25.000000

===========================================================================
report_clock_properties
============================================================================
Clock                   Period          Waveform
----------------------------------------------------
clk                  25.000000    0.000000 12.500000

===========================================================================
report_clock_latency
============================================================================
Clock clk
rise -> rise
    min     max
4.650000 5.570000 source latency
5.543959         network latency neuro_inst.synapse_matrix_inst.X1_inst/wb_clk_i
        6.705316 network latency _11787_/CLK
---------------
10.193960 12.275315 latency
        2.081356 skew

fall -> fall
    min     max
4.650000 5.570000 source latency
5.595114         network latency neuro_inst.synapse_matrix_inst.X1_inst/wb_clk_i
        6.739947 network latency _11787_/CLK
---------------
10.245113 12.309947 latency
        2.064834 skew



===========================================================================
report_clock_min_period
============================================================================
clk period_min = 10.79 fmax = 92.66
