Clock: clk
Sources: wb_clk_i 
Generated: no
Virtual: yes
Propagated: no
Period: 25.000000

===========================================================================
report_clock_properties
============================================================================
Clock                   Period          Waveform
----------------------------------------------------
clk                  25.000000    0.000000 12.500000

===========================================================================
report_clock_latency
============================================================================
Clock clk
rise -> rise
    min     max
4.650000 5.570000 source latency
5.481934         network latency neuro_inst.synapse_matrix_inst.X1_inst/wb_clk_i
        6.614105 network latency _11787_/CLK
---------------
10.131934 12.184105 latency
        2.052171 skew

fall -> fall
    min     max
4.650000 5.570000 source latency
5.543157         network latency neuro_inst.synapse_matrix_inst.X1_inst/wb_clk_i
        6.662125 network latency _11787_/CLK
---------------
10.193157 12.232125 latency
        2.038968 skew



===========================================================================
report_clock_min_period
============================================================================
clk period_min = 10.06 fmax = 99.36
