Reading OpenROAD database at '/home/vboxuser/IMPACT_SNN_RERAM_submit_BMsemi/openlane/user_project_wrapper/runs/image_compression_harden_20260624_175512/44-openroad-detailedrouting/user_project_wrapper.odb'…
Reading library file at '/home/vboxuser/caravel_user_Neuromorphic_X1_32x32/dependencies/pdks/sky130A/libs.ref/sky130_fd_sc_hd/lib/sky130_fd_sc_hd__tt_025C_1v80.lib'…
Reading library file at '/home/vboxuser/IMPACT_SNN_RERAM_submit_BMsemi/lib/Neuromorphic_X1_wb.lib'…
Reading macro library file at '/home/vboxuser/IMPACT_SNN_RERAM_submit_BMsemi/lib/Neuromorphic_X1_wb.lib'…
[WARNING STA-1140] /home/vboxuser/IMPACT_SNN_RERAM_submit_BMsemi/lib/Neuromorphic_X1_wb.lib line 1, library Neuromorphic_X1_wb already exists.
Reading design constraints file at '/home/vboxuser/IMPACT_SNN_RERAM_submit_BMsemi/openlane/user_project_wrapper/signoff.sdc'…
[INFO]: Creating clock {clk} for port wb_clk_i with period: 25
[INFO]: Setting clock uncertainity to: 0.25
[INFO]: Setting clock transition to: 0.1499999999999999944488848768742172978818416595458984375
[INFO]: Setting maximum transition to: 1.5
[INFO]: Setting maximum fanout to: 10
[INFO]: Setting timing derate to: 0 %
[INFO]: Setting clock latency range: 4.65 : 5.57
[INFO]: Setting clock transition: 0.61
%OL_CREATE_REPORT /home/vboxuser/IMPACT_SNN_RERAM_submit_BMsemi/openlane/user_project_wrapper/runs/image_compression_harden_20260624_175512/46-openroad-checkantennas-1/reports/antenna.rpt
Net: net97
  Pin:   _3512_/B2 (sky130_fd_sc_hd__a22o_1)
    Layer: mcon
      Partial area ratio:    0.12
      Required ratio:    3.00 (Gate area) 
      Cumulative area ratio:    0.12
      Required ratio:    0.00 (Cumulative area) 

    Layer: met1
      Partial area ratio:    6.85
      Required ratio:    0.00 (Gate area) 
      Cumulative area ratio:    6.85
      Required ratio:    0.00 (Cumulative area) 
      Partial area ratio:   34.03
      Required ratio: 2773.88 (Side area) 
      Cumulative area ratio:   34.03
      Required ratio:    0.00 (Cumulative side area) 

    Layer: via
      Partial area ratio:    0.03
      Required ratio:   21.65 (Gate area) 
      Cumulative area ratio:    0.15
      Required ratio:    0.00 (Cumulative area) 

    Layer: met2
      Partial area ratio:    1.72
      Required ratio:    0.00 (Gate area) 
      Cumulative area ratio:    8.57
      Required ratio:    0.00 (Cumulative area) 
      Partial area ratio:    8.38
      Required ratio: 4173.56 (Side area) 
      Cumulative area ratio:   42.41
      Required ratio:    0.00 (Cumulative side area) 


  Pin:   _3547_/B (sky130_fd_sc_hd__and3_1)
    Layer: mcon
      Partial area ratio:    0.23
      Required ratio:    3.00 (Gate area) 
      Cumulative area ratio:    0.23
      Required ratio:    0.00 (Cumulative area) 

    Layer: met1
      Partial area ratio:   89.46
      Required ratio:    0.00 (Gate area) 
      Cumulative area ratio:   89.46
      Required ratio:    0.00 (Cumulative area) 
      Partial area ratio:  445.83
      Required ratio:  400.00 (Side area) (VIOLATED)
      Cumulative area ratio:  445.83
      Required ratio:    0.00 (Cumulative side area) 

    Layer: via
      Partial area ratio:    0.36
      Required ratio:    6.00 (Gate area) 
      Cumulative area ratio:    0.59
      Required ratio:    0.00 (Cumulative area) 

    Layer: met2
      Partial area ratio:    1.72
      Required ratio:    0.00 (Gate area) 
      Cumulative area ratio:   91.18
      Required ratio:    0.00 (Cumulative area) 
      Partial area ratio:    8.38
      Required ratio: 4173.56 (Side area) 
      Cumulative area ratio:  454.21
      Required ratio:    0.00 (Cumulative side area) 


  Pin:   _3552_/A1 (sky130_fd_sc_hd__a31o_1)
    Layer: mcon
      Partial area ratio:    0.12
      Required ratio:    3.00 (Gate area) 
      Cumulative area ratio:    0.12
      Required ratio:    0.00 (Cumulative area) 

    Layer: met1
      Partial area ratio:    0.88
      Required ratio:    0.00 (Gate area) 
      Cumulative area ratio:    0.88
      Required ratio:    0.00 (Cumulative area) 
      Partial area ratio:    4.26
      Required ratio: 2773.88 (Side area) 
      Cumulative area ratio:    4.26
      Required ratio:    0.00 (Cumulative side area) 

    Layer: via
      Partial area ratio:    0.03
      Required ratio:   21.65 (Gate area) 
      Cumulative area ratio:    0.15
      Required ratio:    0.00 (Cumulative area) 

    Layer: met2
      Partial area ratio:    1.72
      Required ratio:    0.00 (Gate area) 
      Cumulative area ratio:    2.59
      Required ratio:    0.00 (Cumulative area) 
      Partial area ratio:    8.38
      Required ratio: 4173.56 (Side area) 
      Cumulative area ratio:   12.65
      Required ratio:    0.00 (Cumulative side area) 


  Pin:   _3556_/S (sky130_fd_sc_hd__mux2_1)
    Layer: mcon
      Partial area ratio:    0.11
      Required ratio:    3.00 (Gate area) 
      Cumulative area ratio:    0.11
      Required ratio:    0.00 (Cumulative area) 

    Layer: met1
      Partial area ratio:    2.03
      Required ratio:    0.00 (Gate area) 
      Cumulative area ratio:    2.03
      Required ratio:    0.00 (Cumulative area) 
      Partial area ratio:    9.81
      Required ratio: 2773.88 (Side area) 
      Cumulative area ratio:    9.81
      Required ratio:    0.00 (Cumulative side area) 

    Layer: via
      Partial area ratio:    0.07
      Required ratio:   21.65 (Gate area) 
      Cumulative area ratio:    0.18
      Required ratio:    0.00 (Cumulative area) 

    Layer: met2
      Partial area ratio:    1.72
      Required ratio:    0.00 (Gate area) 
      Cumulative area ratio:    3.75
      Required ratio:    0.00 (Cumulative area) 
      Partial area ratio:    8.38
      Required ratio: 4173.56 (Side area) 
      Cumulative area ratio:   18.19
      Required ratio:    0.00 (Cumulative side area) 


  Pin:   _4891_/B2 (sky130_fd_sc_hd__a22o_1)
    Layer: mcon
      Partial area ratio:    0.12
      Required ratio:    3.00 (Gate area) 
      Cumulative area ratio:    0.12
      Required ratio:    0.00 (Cumulative area) 

    Layer: met1
      Partial area ratio:   14.02
      Required ratio:    0.00 (Gate area) 
      Cumulative area ratio:   14.02
      Required ratio:    0.00 (Cumulative area) 
      Partial area ratio:   69.81
      Required ratio: 2773.88 (Side area) 
      Cumulative area ratio:   69.81
      Required ratio:    0.00 (Cumulative side area) 

    Layer: via
      Partial area ratio:    0.07
      Required ratio:   21.65 (Gate area) 
      Cumulative area ratio:    0.18
      Required ratio:    0.00 (Cumulative area) 

    Layer: met2
      Partial area ratio:    1.72
      Required ratio:    0.00 (Gate area) 
      Cumulative area ratio:   15.73
      Required ratio:    0.00 (Cumulative area) 
      Partial area ratio:    8.38
      Required ratio: 4173.56 (Side area) 
      Cumulative area ratio:   78.19
      Required ratio:    0.00 (Cumulative side area) 


  Pin:   hold127/A (sky130_fd_sc_hd__dlygate4sd3_1)
    Layer: mcon
      Partial area ratio:    0.23
      Required ratio:    3.00 (Gate area) 
      Cumulative area ratio:    0.23
      Required ratio:    0.00 (Cumulative area) 

    Layer: met1
      Partial area ratio:    0.60
      Required ratio:    0.00 (Gate area) 
      Cumulative area ratio:    0.60
      Required ratio:    0.00 (Cumulative area) 
      Partial area ratio:    2.85
      Required ratio: 2773.88 (Side area) 
      Cumulative area ratio:    2.85
      Required ratio:    0.00 (Cumulative side area) 

    Layer: via
      Partial area ratio:    0.04
      Required ratio:   21.65 (Gate area) 
      Cumulative area ratio:    0.27
      Required ratio:    0.00 (Cumulative area) 

    Layer: met2
      Partial area ratio:    1.72
      Required ratio:    0.00 (Gate area) 
      Cumulative area ratio:    2.32
      Required ratio:    0.00 (Cumulative area) 
      Partial area ratio:    8.38
      Required ratio: 4173.56 (Side area) 
      Cumulative area ratio:   11.23
      Required ratio:    0.00 (Cumulative side area) 


  Pin:   ANTENNA__6633__Q/DIODE (sky130_fd_sc_hd__diode_2)
    Layer: mcon
      Partial area ratio:    0.07
      Required ratio:   10.82 (Gate area) 
      Cumulative area ratio:    0.07
      Required ratio:    0.00 (Cumulative area) 

    Layer: met1
      Partial area ratio:    1.49
      Required ratio:    0.00 (Gate area) 
      Cumulative area ratio:    1.49
      Required ratio:    0.00 (Cumulative area) 
      Partial area ratio:    7.13
      Required ratio: 3130.28 (Side area) 
      Cumulative area ratio:    7.13
      Required ratio:    0.00 (Cumulative side area) 

    Layer: via
      Partial area ratio:    0.05
      Required ratio:   53.73 (Gate area) 
      Cumulative area ratio:    0.12
      Required ratio:    0.00 (Cumulative area) 

    Layer: met2
      Partial area ratio:    1.72
      Required ratio:    0.00 (Gate area) 
      Cumulative area ratio:    3.21
      Required ratio:    0.00 (Cumulative area) 
      Partial area ratio:    8.38
      Required ratio: 4173.56 (Side area) 
      Cumulative area ratio:   15.51
      Required ratio:    0.00 (Cumulative side area) 


  Pin:   ANTENNA_hold127_A/DIODE (sky130_fd_sc_hd__diode_2)
    Layer: mcon
      Partial area ratio:    0.07
      Required ratio:   10.82 (Gate area) 
      Cumulative area ratio:    0.07
      Required ratio:    0.00 (Cumulative area) 

    Layer: met1
      Partial area ratio:    0.60
      Required ratio:    0.00 (Gate area) 
      Cumulative area ratio:    0.60
      Required ratio:    0.00 (Cumulative area) 
      Partial area ratio:    2.85
      Required ratio: 2773.88 (Side area) 
      Cumulative area ratio:    2.85
      Required ratio:    0.00 (Cumulative side area) 

    Layer: via
      Partial area ratio:    0.04
      Required ratio:   21.65 (Gate area) 
      Cumulative area ratio:    0.11
      Required ratio:    0.00 (Cumulative area) 

    Layer: met2
      Partial area ratio:    1.72
      Required ratio:    0.00 (Gate area) 
      Cumulative area ratio:    2.32
      Required ratio:    0.00 (Cumulative area) 
      Partial area ratio:    8.38
      Required ratio: 4173.56 (Side area) 
      Cumulative area ratio:   11.23
      Required ratio:    0.00 (Cumulative side area) 


  Pin:   ANTENNA__4891__B2/DIODE (sky130_fd_sc_hd__diode_2)
    Layer: mcon
      Partial area ratio:    0.07
      Required ratio:   10.82 (Gate area) 
      Cumulative area ratio:    0.07
      Required ratio:    0.00 (Cumulative area) 

    Layer: met1
      Partial area ratio:   14.02
      Required ratio:    0.00 (Gate area) 
      Cumulative area ratio:   14.02
      Required ratio:    0.00 (Cumulative area) 
      Partial area ratio:   69.81
      Required ratio: 2773.88 (Side area) 
      Cumulative area ratio:   69.81
      Required ratio:    0.00 (Cumulative side area) 

    Layer: via
      Partial area ratio:    0.07
      Required ratio:   21.65 (Gate area) 
      Cumulative area ratio:    0.13
      Required ratio:    0.00 (Cumulative area) 

    Layer: met2
      Partial area ratio:    1.72
      Required ratio:    0.00 (Gate area) 
      Cumulative area ratio:   15.73
      Required ratio:    0.00 (Cumulative area) 
      Partial area ratio:    8.38
      Required ratio: 4173.56 (Side area) 
      Cumulative area ratio:   78.19
      Required ratio:    0.00 (Cumulative side area) 


  Pin:   ANTENNA__3556__S/DIODE (sky130_fd_sc_hd__diode_2)
    Layer: mcon
      Partial area ratio:    0.07
      Required ratio:   10.82 (Gate area) 
      Cumulative area ratio:    0.07
      Required ratio:    0.00 (Cumulative area) 

    Layer: met1
      Partial area ratio:    2.03
      Required ratio:    0.00 (Gate area) 
      Cumulative area ratio:    2.03
      Required ratio:    0.00 (Cumulative area) 
      Partial area ratio:    9.81
      Required ratio: 2773.88 (Side area) 
      Cumulative area ratio:    9.81
      Required ratio:    0.00 (Cumulative side area) 

    Layer: via
      Partial area ratio:    0.07
      Required ratio:   21.65 (Gate area) 
      Cumulative area ratio:    0.13
      Required ratio:    0.00 (Cumulative area) 

    Layer: met2
      Partial area ratio:    1.72
      Required ratio:    0.00 (Gate area) 
      Cumulative area ratio:    3.75
      Required ratio:    0.00 (Cumulative area) 
      Partial area ratio:    8.38
      Required ratio: 4173.56 (Side area) 
      Cumulative area ratio:   18.19
      Required ratio:    0.00 (Cumulative side area) 


  Pin:   ANTENNA__3552__A1/DIODE (sky130_fd_sc_hd__diode_2)
    Layer: mcon
      Partial area ratio:    0.07
      Required ratio:   10.82 (Gate area) 
      Cumulative area ratio:    0.07
      Required ratio:    0.00 (Cumulative area) 

    Layer: met1
      Partial area ratio:    0.88
      Required ratio:    0.00 (Gate area) 
      Cumulative area ratio:    0.88
      Required ratio:    0.00 (Cumulative area) 
      Partial area ratio:    4.26
      Required ratio: 2773.88 (Side area) 
      Cumulative area ratio:    4.26
      Required ratio:    0.00 (Cumulative side area) 

    Layer: via
      Partial area ratio:    0.03
      Required ratio:   21.65 (Gate area) 
      Cumulative area ratio:    0.10
      Required ratio:    0.00 (Cumulative area) 

    Layer: met2
      Partial area ratio:    1.72
      Required ratio:    0.00 (Gate area) 
      Cumulative area ratio:    2.59
      Required ratio:    0.00 (Cumulative area) 
      Partial area ratio:    8.38
      Required ratio: 4173.56 (Side area) 
      Cumulative area ratio:   12.65
      Required ratio:    0.00 (Cumulative side area) 


  Pin:   ANTENNA__3547__B/DIODE (sky130_fd_sc_hd__diode_2)
    Layer: mcon
      Partial area ratio:    0.07
      Required ratio:   10.82 (Gate area) 
      Cumulative area ratio:    0.07
      Required ratio:    0.00 (Cumulative area) 

    Layer: met1
      Partial area ratio:    0.19
      Required ratio:    0.00 (Gate area) 
      Cumulative area ratio:    0.19
      Required ratio:    0.00 (Cumulative area) 
      Partial area ratio:    0.93
      Required ratio: 2773.88 (Side area) 
      Cumulative area ratio:    0.93
      Required ratio:    0.00 (Cumulative side area) 

    Layer: via
      Partial area ratio:    0.05
      Required ratio:   21.65 (Gate area) 
      Cumulative area ratio:    0.12
      Required ratio:    0.00 (Cumulative area) 

    Layer: met2
      Partial area ratio:    1.72
      Required ratio:    0.00 (Gate area) 
      Cumulative area ratio:    1.91
      Required ratio:    0.00 (Cumulative area) 
      Partial area ratio:    8.38
      Required ratio: 4173.56 (Side area) 
      Cumulative area ratio:    9.32
      Required ratio:    0.00 (Cumulative side area) 


  Pin:   ANTENNA__3512__B2/DIODE (sky130_fd_sc_hd__diode_2)
    Layer: mcon
      Partial area ratio:    0.07
      Required ratio:   10.82 (Gate area) 
      Cumulative area ratio:    0.07
      Required ratio:    0.00 (Cumulative area) 

    Layer: met1
      Partial area ratio:    6.85
      Required ratio:    0.00 (Gate area) 
      Cumulative area ratio:    6.85
      Required ratio:    0.00 (Cumulative area) 
      Partial area ratio:   34.03
      Required ratio: 2773.88 (Side area) 
      Cumulative area ratio:   34.03
      Required ratio:    0.00 (Cumulative side area) 

    Layer: via
      Partial area ratio:    0.03
      Required ratio:   21.65 (Gate area) 
      Cumulative area ratio:    0.10
      Required ratio:    0.00 (Cumulative area) 

    Layer: met2
      Partial area ratio:    1.72
      Required ratio:    0.00 (Gate area) 
      Cumulative area ratio:    8.57
      Required ratio:    0.00 (Cumulative area) 
      Partial area ratio:    8.38
      Required ratio: 4173.56 (Side area) 
      Cumulative area ratio:   42.41
      Required ratio:    0.00 (Cumulative side area) 



Net: net512
  Pin:   fanout479/A (sky130_fd_sc_hd__clkbuf_4)
    Layer: mcon
      Partial area ratio:    0.14
      Required ratio:    3.00 (Gate area) 
      Cumulative area ratio:    0.14
      Required ratio:    0.00 (Cumulative area) 

    Layer: met1
      Partial area ratio:    1.13
      Required ratio:    0.00 (Gate area) 
      Cumulative area ratio:    1.13
      Required ratio:    0.00 (Cumulative area) 
      Partial area ratio:    5.55
      Required ratio: 2773.88 (Side area) 
      Cumulative area ratio:    5.55
      Required ratio:    0.00 (Cumulative side area) 

    Layer: via
      Partial area ratio:    0.03
      Required ratio:   21.65 (Gate area) 
      Cumulative area ratio:    0.17
      Required ratio:    0.00 (Cumulative area) 

    Layer: met2
      Partial area ratio:    0.43
      Required ratio:    0.00 (Gate area) 
      Cumulative area ratio:    1.56
      Required ratio:    0.00 (Cumulative area) 
      Partial area ratio:    1.91
      Required ratio: 3482.36 (Side area) 
      Cumulative area ratio:    7.46
      Required ratio:    0.00 (Cumulative side area) 

    Layer: via2
      Partial area ratio:    0.04
      Required ratio:   85.41 (Gate area) 
      Cumulative area ratio:    0.21
      Required ratio:    0.00 (Cumulative area) 

    Layer: met3
      Partial area ratio:   21.97
      Required ratio:    0.00 (Gate area) 
      Cumulative area ratio:   23.54
      Required ratio:    0.00 (Cumulative area) 
      Partial area ratio:  117.31
      Required ratio: 4351.76 (Side area) 
      Cumulative area ratio:  124.77
      Required ratio:    0.00 (Cumulative side area) 


  Pin:   fanout494/A (sky130_fd_sc_hd__clkbuf_4)
    Layer: mcon
      Partial area ratio:    0.14
      Required ratio:    3.00 (Gate area) 
      Cumulative area ratio:    0.14
      Required ratio:    0.00 (Cumulative area) 

    Layer: met1
      Partial area ratio:    1.06
      Required ratio:    0.00 (Gate area) 
      Cumulative area ratio:    1.06
      Required ratio:    0.00 (Cumulative area) 
      Partial area ratio:    5.18
      Required ratio: 2773.88 (Side area) 
      Cumulative area ratio:    5.18
      Required ratio:    0.00 (Cumulative side area) 

    Layer: via
      Partial area ratio:    0.03
      Required ratio:   21.65 (Gate area) 
      Cumulative area ratio:    0.17
      Required ratio:    0.00 (Cumulative area) 

    Layer: met2
      Partial area ratio:   13.65
      Required ratio:    0.00 (Gate area) 
      Cumulative area ratio:   14.71
      Required ratio:    0.00 (Cumulative area) 
      Partial area ratio:   67.94
      Required ratio: 3295.52 (Side area) 
      Cumulative area ratio:   73.13
      Required ratio:    0.00 (Cumulative side area) 

    Layer: via2
      Partial area ratio:    0.02
      Required ratio:   68.60 (Gate area) 
      Cumulative area ratio:    0.19
      Required ratio:    0.00 (Cumulative area) 

    Layer: met3
      Partial area ratio:   21.97
      Required ratio:    0.00 (Gate area) 
      Cumulative area ratio:   36.69
      Required ratio:    0.00 (Cumulative area) 
      Partial area ratio:  117.31
      Required ratio: 4351.76 (Side area) 
      Cumulative area ratio:  190.43
      Required ratio:    0.00 (Cumulative side area) 


  Pin:   fanout498/A (sky130_fd_sc_hd__buf_2)
    Layer: mcon
      Partial area ratio:    0.18
      Required ratio:    3.00 (Gate area) 
      Cumulative area ratio:    0.18
      Required ratio:    0.00 (Cumulative area) 

    Layer: met1
      Partial area ratio:    0.46
      Required ratio:    0.00 (Gate area) 
      Cumulative area ratio:    0.46
      Required ratio:    0.00 (Cumulative area) 
      Partial area ratio:    2.15
      Required ratio: 2773.88 (Side area) 
      Cumulative area ratio:    2.15
      Required ratio:    0.00 (Cumulative side area) 

    Layer: via
      Partial area ratio:    0.04
      Required ratio:   21.65 (Gate area) 
      Cumulative area ratio:    0.22
      Required ratio:    0.00 (Cumulative area) 

    Layer: met2
      Partial area ratio:   13.65
      Required ratio:    0.00 (Gate area) 
      Cumulative area ratio:   14.11
      Required ratio:    0.00 (Cumulative area) 
      Partial area ratio:   67.94
      Required ratio: 3295.52 (Side area) 
      Cumulative area ratio:   70.10
      Required ratio:    0.00 (Cumulative side area) 

    Layer: via2
      Partial area ratio:    0.02
      Required ratio:   68.60 (Gate area) 
      Cumulative area ratio:    0.24
      Required ratio:    0.00 (Cumulative area) 

    Layer: met3
      Partial area ratio:   21.97
      Required ratio:    0.00 (Gate area) 
      Cumulative area ratio:   36.08
      Required ratio:    0.00 (Cumulative area) 
      Partial area ratio:  117.31
      Required ratio: 4351.76 (Side area) 
      Cumulative area ratio:  187.40
      Required ratio:    0.00 (Cumulative side area) 


  Pin:   fanout504/A (sky130_fd_sc_hd__clkbuf_4)
    Layer: mcon
      Partial area ratio:    0.14
      Required ratio:    3.00 (Gate area) 
      Cumulative area ratio:    0.14
      Required ratio:    0.00 (Cumulative area) 

    Layer: met1
      Partial area ratio:    1.70
      Required ratio:    0.00 (Gate area) 
      Cumulative area ratio:    1.70
      Required ratio:    0.00 (Cumulative area) 
      Partial area ratio:    8.26
      Required ratio: 2773.88 (Side area) 
      Cumulative area ratio:    8.26
      Required ratio:    0.00 (Cumulative side area) 

    Layer: via
      Partial area ratio:    0.03
      Required ratio:   21.65 (Gate area) 
      Cumulative area ratio:    0.17
      Required ratio:    0.00 (Cumulative area) 

    Layer: met2
      Partial area ratio:   13.65
      Required ratio:    0.00 (Gate area) 
      Cumulative area ratio:   15.35
      Required ratio:    0.00 (Cumulative area) 
      Partial area ratio:   67.94
      Required ratio: 3295.52 (Side area) 
      Cumulative area ratio:   76.21
      Required ratio:    0.00 (Cumulative side area) 

    Layer: via2
      Partial area ratio:    0.02
      Required ratio:   68.60 (Gate area) 
      Cumulative area ratio:    0.19
      Required ratio:    0.00 (Cumulative area) 

    Layer: met3
      Partial area ratio:   21.97
      Required ratio:    0.00 (Gate area) 
      Cumulative area ratio:   37.33
      Required ratio:    0.00 (Cumulative area) 
      Partial area ratio:  117.31
      Required ratio: 4351.76 (Side area) 
      Cumulative area ratio:  193.51
      Required ratio:    0.00 (Cumulative side area) 


  Pin:   fanout507/A (sky130_fd_sc_hd__clkbuf_4)
    Layer: mcon
      Partial area ratio:    0.14
      Required ratio:    3.00 (Gate area) 
      Cumulative area ratio:    0.14
      Required ratio:    0.00 (Cumulative area) 

    Layer: met1
      Partial area ratio:    1.71
      Required ratio:    0.00 (Gate area) 
      Cumulative area ratio:    1.71
      Required ratio:    0.00 (Cumulative area) 
      Partial area ratio:    8.20
      Required ratio:  400.00 (Side area) 
      Cumulative area ratio:    8.20
      Required ratio:    0.00 (Cumulative side area) 

    Layer: via
      Partial area ratio:    0.11
      Required ratio:    6.00 (Gate area) 
      Cumulative area ratio:    0.24
      Required ratio:    0.00 (Cumulative area) 

    Layer: met2
      Partial area ratio:    0.97
      Required ratio:    0.00 (Gate area) 
      Cumulative area ratio:    2.68
      Required ratio:    0.00 (Cumulative area) 
      Partial area ratio:    4.43
      Required ratio: 2773.88 (Side area) 
      Cumulative area ratio:   12.63
      Required ratio:    0.00 (Cumulative side area) 

    Layer: via2
      Partial area ratio:    0.06
      Required ratio:   21.65 (Gate area) 
      Cumulative area ratio:    0.30
      Required ratio:    0.00 (Cumulative area) 

    Layer: met3
      Partial area ratio:   21.97
      Required ratio:    0.00 (Gate area) 
      Cumulative area ratio:   24.66
      Required ratio:    0.00 (Cumulative area) 
      Partial area ratio:  117.31
      Required ratio: 4351.76 (Side area) 
      Cumulative area ratio:  129.93
      Required ratio:    0.00 (Cumulative side area) 


  Pin:   fanout511/A (sky130_fd_sc_hd__buf_4)
    Layer: mcon
      Partial area ratio:    0.12
      Required ratio:    3.00 (Gate area) 
      Cumulative area ratio:    0.12
      Required ratio:    0.00 (Cumulative area) 

    Layer: met1
      Partial area ratio:  119.62
      Required ratio:    0.00 (Gate area) 
      Cumulative area ratio:  119.62
      Required ratio:    0.00 (Cumulative area) 
      Partial area ratio:  597.33
      Required ratio:  400.00 (Side area) (VIOLATED)
      Cumulative area ratio:  597.33
      Required ratio:    0.00 (Cumulative side area) 

    Layer: via
      Partial area ratio:    0.18
      Required ratio:    6.00 (Gate area) 
      Cumulative area ratio:    0.30
      Required ratio:    0.00 (Cumulative area) 

    Layer: met2
      Partial area ratio:   13.65
      Required ratio:    0.00 (Gate area) 
      Cumulative area ratio:  133.27
      Required ratio:    0.00 (Cumulative area) 
      Partial area ratio:   67.94
      Required ratio: 3295.52 (Side area) 
      Cumulative area ratio:  665.28
      Required ratio:    0.00 (Cumulative side area) 

    Layer: via2
      Partial area ratio:    0.02
      Required ratio:   68.60 (Gate area) 
      Cumulative area ratio:    0.31
      Required ratio:    0.00 (Cumulative area) 

    Layer: met3
      Partial area ratio:   21.97
      Required ratio:    0.00 (Gate area) 
      Cumulative area ratio:  155.25
      Required ratio:    0.00 (Cumulative area) 
      Partial area ratio:  117.31
      Required ratio: 4351.76 (Side area) 
      Cumulative area ratio:  782.58
      Required ratio:    0.00 (Cumulative side area) 


  Pin:   ANTENNA_fanout512_X/DIODE (sky130_fd_sc_hd__diode_2)
    Layer: mcon
      Partial area ratio:    0.07
      Required ratio:   10.82 (Gate area) 
      Cumulative area ratio:    0.07
      Required ratio:    0.00 (Cumulative area) 

    Layer: met1
      Partial area ratio:    1.42
      Required ratio:    0.00 (Gate area) 
      Cumulative area ratio:    1.42
      Required ratio:    0.00 (Cumulative area) 
      Partial area ratio:    6.79
      Required ratio: 3308.48 (Side area) 
      Cumulative area ratio:    6.79
      Required ratio:    0.00 (Cumulative side area) 

    Layer: via
      Partial area ratio:    0.05
      Required ratio:   69.76 (Gate area) 
      Cumulative area ratio:    0.12
      Required ratio:    0.00 (Cumulative area) 

    Layer: met2
      Partial area ratio:    0.43
      Required ratio:    0.00 (Gate area) 
      Cumulative area ratio:    1.85
      Required ratio:    0.00 (Cumulative area) 
      Partial area ratio:    1.91
      Required ratio: 3482.36 (Side area) 
      Cumulative area ratio:    8.70
      Required ratio:    0.00 (Cumulative side area) 

    Layer: via2
      Partial area ratio:    0.04
      Required ratio:   85.41 (Gate area) 
      Cumulative area ratio:    0.16
      Required ratio:    0.00 (Cumulative area) 

    Layer: met3
      Partial area ratio:   21.97
      Required ratio:    0.00 (Gate area) 
      Cumulative area ratio:   23.83
      Required ratio:    0.00 (Cumulative area) 
      Partial area ratio:  117.31
      Required ratio: 4351.76 (Side area) 
      Cumulative area ratio:  126.00
      Required ratio:    0.00 (Cumulative side area) 


  Pin:   ANTENNA_fanout507_A/DIODE (sky130_fd_sc_hd__diode_2)
    Layer: mcon
      Partial area ratio:    0.07
      Required ratio:   10.82 (Gate area) 
      Cumulative area ratio:    0.07
      Required ratio:    0.00 (Cumulative area) 

    Layer: met1
      Partial area ratio:    0.19
      Required ratio:    0.00 (Gate area) 
      Cumulative area ratio:    0.19
      Required ratio:    0.00 (Cumulative area) 
      Partial area ratio:    0.93
      Required ratio: 2773.88 (Side area) 
      Cumulative area ratio:    0.93
      Required ratio:    0.00 (Cumulative side area) 

    Layer: via
      Partial area ratio:    0.05
      Required ratio:   21.65 (Gate area) 
      Cumulative area ratio:    0.12
      Required ratio:    0.00 (Cumulative area) 

    Layer: met2
      Partial area ratio:    0.97
      Required ratio:    0.00 (Gate area) 
      Cumulative area ratio:    1.16
      Required ratio:    0.00 (Cumulative area) 
      Partial area ratio:    4.43
      Required ratio: 2773.88 (Side area) 
      Cumulative area ratio:    5.36
      Required ratio:    0.00 (Cumulative side area) 

    Layer: via2
      Partial area ratio:    0.06
      Required ratio:   21.65 (Gate area) 
      Cumulative area ratio:    0.18
      Required ratio:    0.00 (Cumulative area) 

    Layer: met3
      Partial area ratio:   21.97
      Required ratio:    0.00 (Gate area) 
      Cumulative area ratio:   23.14
      Required ratio:    0.00 (Cumulative area) 
      Partial area ratio:  117.31
      Required ratio: 4351.76 (Side area) 
      Cumulative area ratio:  122.66
      Required ratio:    0.00 (Cumulative side area) 


  Pin:   ANTENNA_fanout511_A/DIODE (sky130_fd_sc_hd__diode_2)
    Layer: mcon
      Partial area ratio:    0.07
      Required ratio:   10.82 (Gate area) 
      Cumulative area ratio:    0.07
      Required ratio:    0.00 (Cumulative area) 

    Layer: met1
      Partial area ratio:    0.19
      Required ratio:    0.00 (Gate area) 
      Cumulative area ratio:    0.19
      Required ratio:    0.00 (Cumulative area) 
      Partial area ratio:    0.93
      Required ratio: 2773.88 (Side area) 
      Cumulative area ratio:    0.93
      Required ratio:    0.00 (Cumulative side area) 

    Layer: via
      Partial area ratio:    0.05
      Required ratio:   21.65 (Gate area) 
      Cumulative area ratio:    0.12
      Required ratio:    0.00 (Cumulative area) 

    Layer: met2
      Partial area ratio:   13.65
      Required ratio:    0.00 (Gate area) 
      Cumulative area ratio:   13.85
      Required ratio:    0.00 (Cumulative area) 
      Partial area ratio:   67.94
      Required ratio: 3295.52 (Side area) 
      Cumulative area ratio:   68.88
      Required ratio:    0.00 (Cumulative side area) 

    Layer: via2
      Partial area ratio:    0.02
      Required ratio:   68.60 (Gate area) 
      Cumulative area ratio:    0.13
      Required ratio:    0.00 (Cumulative area) 

    Layer: met3
      Partial area ratio:   21.97
      Required ratio:    0.00 (Gate area) 
      Cumulative area ratio:   35.82
      Required ratio:    0.00 (Cumulative area) 
      Partial area ratio:  117.31
      Required ratio: 4351.76 (Side area) 
      Cumulative area ratio:  186.18
      Required ratio:    0.00 (Cumulative side area) 


  Pin:   ANTENNA_fanout494_A/DIODE (sky130_fd_sc_hd__diode_2)
    Layer: mcon
      Partial area ratio:    0.07
      Required ratio:   10.82 (Gate area) 
      Cumulative area ratio:    0.07
      Required ratio:    0.00 (Cumulative area) 

    Layer: met1
      Partial area ratio:    1.06
      Required ratio:    0.00 (Gate area) 
      Cumulative area ratio:    1.06
      Required ratio:    0.00 (Cumulative area) 
      Partial area ratio:    5.18
      Required ratio: 2773.88 (Side area) 
      Cumulative area ratio:    5.18
      Required ratio:    0.00 (Cumulative side area) 

    Layer: via
      Partial area ratio:    0.03
      Required ratio:   21.65 (Gate area) 
      Cumulative area ratio:    0.10
      Required ratio:    0.00 (Cumulative area) 

    Layer: met2
      Partial area ratio:   13.65
      Required ratio:    0.00 (Gate area) 
      Cumulative area ratio:   14.71
      Required ratio:    0.00 (Cumulative area) 
      Partial area ratio:   67.94
      Required ratio: 3295.52 (Side area) 
      Cumulative area ratio:   73.13
      Required ratio:    0.00 (Cumulative side area) 

    Layer: via2
      Partial area ratio:    0.02
      Required ratio:   68.60 (Gate area) 
      Cumulative area ratio:    0.12
      Required ratio:    0.00 (Cumulative area) 

    Layer: met3
      Partial area ratio:   21.97
      Required ratio:    0.00 (Gate area) 
      Cumulative area ratio:   36.69
      Required ratio:    0.00 (Cumulative area) 
      Partial area ratio:  117.31
      Required ratio: 4351.76 (Side area) 
      Cumulative area ratio:  190.43
      Required ratio:    0.00 (Cumulative side area) 


  Pin:   ANTENNA_fanout479_A/DIODE (sky130_fd_sc_hd__diode_2)
    Layer: mcon
      Partial area ratio:    0.07
      Required ratio:   10.82 (Gate area) 
      Cumulative area ratio:    0.07
      Required ratio:    0.00 (Cumulative area) 

    Layer: met1
      Partial area ratio:    1.13
      Required ratio:    0.00 (Gate area) 
      Cumulative area ratio:    1.13
      Required ratio:    0.00 (Cumulative area) 
      Partial area ratio:    5.55
      Required ratio: 2773.88 (Side area) 
      Cumulative area ratio:    5.55
      Required ratio:    0.00 (Cumulative side area) 

    Layer: via
      Partial area ratio:    0.03
      Required ratio:   21.65 (Gate area) 
      Cumulative area ratio:    0.10
      Required ratio:    0.00 (Cumulative area) 

    Layer: met2
      Partial area ratio:    0.43
      Required ratio:    0.00 (Gate area) 
      Cumulative area ratio:    1.56
      Required ratio:    0.00 (Cumulative area) 
      Partial area ratio:    1.91
      Required ratio: 3482.36 (Side area) 
      Cumulative area ratio:    7.46
      Required ratio:    0.00 (Cumulative side area) 

    Layer: via2
      Partial area ratio:    0.04
      Required ratio:   85.41 (Gate area) 
      Cumulative area ratio:    0.14
      Required ratio:    0.00 (Cumulative area) 

    Layer: met3
      Partial area ratio:   21.97
      Required ratio:    0.00 (Gate area) 
      Cumulative area ratio:   23.54
      Required ratio:    0.00 (Cumulative area) 
      Partial area ratio:  117.31
      Required ratio: 4351.76 (Side area) 
      Cumulative area ratio:  124.77
      Required ratio:    0.00 (Cumulative side area) 


  Pin:   ANTENNA_fanout504_A/DIODE (sky130_fd_sc_hd__diode_2)
    Layer: mcon
      Partial area ratio:    0.07
      Required ratio:   10.82 (Gate area) 
      Cumulative area ratio:    0.07
      Required ratio:    0.00 (Cumulative area) 

    Layer: met1
      Partial area ratio:    1.70
      Required ratio:    0.00 (Gate area) 
      Cumulative area ratio:    1.70
      Required ratio:    0.00 (Cumulative area) 
      Partial area ratio:    8.26
      Required ratio: 2773.88 (Side area) 
      Cumulative area ratio:    8.26
      Required ratio:    0.00 (Cumulative side area) 

    Layer: via
      Partial area ratio:    0.03
      Required ratio:   21.65 (Gate area) 
      Cumulative area ratio:    0.10
      Required ratio:    0.00 (Cumulative area) 

    Layer: met2
      Partial area ratio:   13.65
      Required ratio:    0.00 (Gate area) 
      Cumulative area ratio:   15.35
      Required ratio:    0.00 (Cumulative area) 
      Partial area ratio:   67.94
      Required ratio: 3295.52 (Side area) 
      Cumulative area ratio:   76.21
      Required ratio:    0.00 (Cumulative side area) 

    Layer: via2
      Partial area ratio:    0.02
      Required ratio:   68.60 (Gate area) 
      Cumulative area ratio:    0.12
      Required ratio:    0.00 (Cumulative area) 

    Layer: met3
      Partial area ratio:   21.97
      Required ratio:    0.00 (Gate area) 
      Cumulative area ratio:   37.33
      Required ratio:    0.00 (Cumulative area) 
      Partial area ratio:  117.31
      Required ratio: 4351.76 (Side area) 
      Cumulative area ratio:  193.51
      Required ratio:    0.00 (Cumulative side area) 


  Pin:   ANTENNA_fanout498_A/DIODE (sky130_fd_sc_hd__diode_2)
    Layer: mcon
      Partial area ratio:    0.07
      Required ratio:   10.82 (Gate area) 
      Cumulative area ratio:    0.07
      Required ratio:    0.00 (Cumulative area) 

    Layer: met1
      Partial area ratio:    0.46
      Required ratio:    0.00 (Gate area) 
      Cumulative area ratio:    0.46
      Required ratio:    0.00 (Cumulative area) 
      Partial area ratio:    2.15
      Required ratio: 2773.88 (Side area) 
      Cumulative area ratio:    2.15
      Required ratio:    0.00 (Cumulative side area) 

    Layer: via
      Partial area ratio:    0.04
      Required ratio:   21.65 (Gate area) 
      Cumulative area ratio:    0.10
      Required ratio:    0.00 (Cumulative area) 

    Layer: met2
      Partial area ratio:   13.65
      Required ratio:    0.00 (Gate area) 
      Cumulative area ratio:   14.11
      Required ratio:    0.00 (Cumulative area) 
      Partial area ratio:   67.94
      Required ratio: 3295.52 (Side area) 
      Cumulative area ratio:   70.10
      Required ratio:    0.00 (Cumulative side area) 

    Layer: via2
      Partial area ratio:    0.02
      Required ratio:   68.60 (Gate area) 
      Cumulative area ratio:    0.12
      Required ratio:    0.00 (Cumulative area) 

    Layer: met3
      Partial area ratio:   21.97
      Required ratio:    0.00 (Gate area) 
      Cumulative area ratio:   36.08
      Required ratio:    0.00 (Cumulative area) 
      Partial area ratio:  117.31
      Required ratio: 4351.76 (Side area) 
      Cumulative area ratio:  187.40
      Required ratio:    0.00 (Cumulative side area) 



[INFO ANT-0002] Found 2 net violations.
[INFO ANT-0001] Found 2 pin violations.
%OL_END_REPORT
