Clock: clk
Sources: wb_clk_i 
Generated: no
Virtual: yes
Propagated: no
Period: 25.000000

===========================================================================
report_clock_properties
============================================================================
Clock                   Period          Waveform
----------------------------------------------------
clk                  25.000000    0.000000 12.500000

===========================================================================
report_clock_latency
============================================================================
Clock clk
rise -> rise
    min     max
4.650000 5.570000 source latency
6.113124         network latency neuro_inst.synapse_matrix_inst.X1_inst/wb_clk_i
        7.428424 network latency _11552_/CLK
---------------
10.763124 12.998424 latency
        2.235300 skew

fall -> fall
    min     max
4.650000 5.570000 source latency
6.079949         network latency neuro_inst.synapse_matrix_inst.X1_inst/wb_clk_i
        7.363186 network latency _11787_/CLK
---------------
10.729949 12.933186 latency
        2.203237 skew



===========================================================================
report_clock_min_period
============================================================================
clk period_min = 20.09 fmax = 49.78
